INFO:     Will watch for changes in these directories: ['/Users/dubin/work/ehs_sys']
INFO:     Uvicorn running on http://0.0.0.0:8100 (Press CTRL+C to quit)
INFO:     Started reloader process [97997] using StatReload
INFO:     Started server process [98042]
INFO:     Waiting for application startup.
1 day, 0:00:00
2025-11-03 22:09:08,662 INFO sqlalchemy.engine.Engine select pg_catalog.version()
2025-11-03 22:09:08,662 INFO sqlalchemy.engine.Engine [raw sql] ()
2025-11-03 22:09:08,664 INFO sqlalchemy.engine.Engine select current_schema()
2025-11-03 22:09:08,664 INFO sqlalchemy.engine.Engine [raw sql] ()
2025-11-03 22:09:08,666 INFO sqlalchemy.engine.Engine show standard_conforming_strings
2025-11-03 22:09:08,666 INFO sqlalchemy.engine.Engine [raw sql] ()
2025-11-03 22:09:08,667 INFO sqlalchemy.engine.Engine BEGIN (implicit)
2025-11-03 22:09:08,668 INFO sqlalchemy.engine.Engine SELECT count(*) AS count_1 
FROM users
2025-11-03 22:09:08,668 INFO sqlalchemy.engine.Engine [generated in 0.00005s] ()
2025-11-03 22:09:08,670 INFO sqlalchemy.engine.Engine ROLLBACK
INFO:     Application startup complete.
admin user already exists
INFO:     127.0.0.1:56143 - "HEAD /docs HTTP/1.1" 200 OK
2025-11-03 22:09:31,490 INFO sqlalchemy.engine.Engine BEGIN (implicit)
2025-11-03 22:09:31,498 INFO sqlalchemy.engine.Engine SELECT users.user_id, users.username, users.password_hash, users.user_type, users.enterprise_staff_id, users.contractor_staff_id, users.created_at, users.updated_at 
FROM users 
WHERE users.username = $1::VARCHAR
2025-11-03 22:09:31,498 INFO sqlalchemy.engine.Engine [generated in 0.00012s] ('admin',)
2025-11-03 22:09:31,505 INFO sqlalchemy.engine.Engine ROLLBACK
INFO:     127.0.0.1:56145 - "POST /token HTTP/1.1" 200 OK
